[0m13:07:47.011634 [debug] [MainThread]: Sending event: {'category': 'dbt', 'action': 'invocation', 'label': 'start', 'context': [<snowplow_tracker.self_describing_json.SelfDescribingJson object at 0x00000205FEB50310>, <snowplow_tracker.self_describing_json.SelfDescribingJson object at 0x00000205FEB53590>, <snowplow_tracker.self_describing_json.SelfDescribingJson object at 0x00000205FEB50AD0>]}


============================== 13:07:47.017672 | fdbbd491-db26-4b00-9b50-4f90ee479ec4 ==============================
[0m13:07:47.017672 [info ] [MainThread]: Running with dbt=1.11.7
[0m13:07:47.018636 [debug] [MainThread]: running dbt with arguments {'static_parser': 'True', 'no_print': 'None', 'version_check': 'True', 'target_path': 'None', 'warn_error_options': 'WarnErrorOptionsV2(error=[], warn=[], silence=[])', 'printer_width': '80', 'write_json': 'True', 'empty': 'None', 'log_cache_events': 'False', 'introspect': 'True', 'cache_selected_only': 'False', 'log_format': 'default', 'debug': 'False', 'fail_fast': 'False', 'profiles_dir': 'C:\\Users\\Admin\\.dbt', 'send_anonymous_usage_stats': 'True', 'quiet': 'False', 'warn_error': 'None', 'partial_parse': 'True', 'indirect_selection': 'eager', 'use_colors': 'True', 'invocation_command': 'dbt init inpatient_dbt', 'use_experimental_parser': 'False', 'log_path': 'logs'}
[0m13:07:47.052678 [debug] [MainThread]: Starter project path: C:\Users\Admin\AppData\Local\Programs\Python\Python311\Lib\site-packages\dbt\include\starter_project
[0m13:07:47.078634 [info ] [MainThread]: 
Your new dbt project "inpatient_dbt" was created!

For more information on how to configure the profiles.yml file,
please consult the dbt documentation here:

  https://docs.getdbt.com/docs/configure-your-profile

One more thing:

Need help? Don't hesitate to reach out to us via GitHub issues or on Slack:

  https://community.getdbt.com/

Happy modeling!

[0m13:07:47.079637 [info ] [MainThread]: Setting up your profile.
[0m13:10:03.292048 [debug] [MainThread]: Snowflake adapter: Setting snowflake.connector to ERROR (file logging only)
[0m13:10:03.292048 [debug] [MainThread]: Snowflake adapter: Setting botocore to ERROR (file logging only)
[0m13:10:03.293047 [debug] [MainThread]: Snowflake adapter: Setting boto3 to ERROR (file logging only)
[0m11:04:07.674977 [error] [MainThread]: Encountered an error:

[0m11:04:08.065453 [error] [MainThread]: Traceback (most recent call last):
  File "C:\Users\Admin\AppData\Local\Programs\Python\Python311\Lib\site-packages\dbt\cli\requires.py", line 182, in wrapper
    result, success = func(*args, **kwargs)
                      ^^^^^^^^^^^^^^^^^^^^^
  File "C:\Users\Admin\AppData\Local\Programs\Python\Python311\Lib\site-packages\dbt\cli\requires.py", line 128, in wrapper
    return func(*args, **kwargs)
           ^^^^^^^^^^^^^^^^^^^^^
  File "C:\Users\Admin\AppData\Local\Programs\Python\Python311\Lib\site-packages\dbt\cli\main.py", line 483, in init
    results = task.run()
              ^^^^^^^^^^
  File "C:\Users\Admin\AppData\Local\Programs\Python\Python311\Lib\site-packages\dbt\task\init.py", line 346, in run
    self.setup_profile(profile_name)
  File "C:\Users\Admin\AppData\Local\Programs\Python\Python311\Lib\site-packages\dbt\task\init.py", line 262, in setup_profile
    self.create_profile_from_target(adapter, profile_name=profile_name)
  File "C:\Users\Admin\AppData\Local\Programs\Python\Python311\Lib\site-packages\dbt\task\init.py", line 179, in create_profile_from_target
    self.create_profile_from_profile_template(profile_template, profile_name)
  File "C:\Users\Admin\AppData\Local\Programs\Python\Python311\Lib\site-packages\dbt\task\init.py", line 163, in create_profile_from_profile_template
    target = self.generate_target_from_input(prompts, initial_target)
             ^^^^^^^^^^^^^^^^^^^^^^^^^^^^^^^^^^^^^^^^^^^^^^^^^^^^^^^^
  File "C:\Users\Admin\AppData\Local\Programs\Python\Python311\Lib\site-packages\dbt\task\init.py", line 129, in generate_target_from_input
    target[key] = click.prompt(
                  ^^^^^^^^^^^^^
  File "C:\Users\Admin\AppData\Local\Programs\Python\Python311\Lib\site-packages\click\termui.py", line 171, in prompt
    value = prompt_func(prompt)
            ^^^^^^^^^^^^^^^^^^^
  File "C:\Users\Admin\AppData\Local\Programs\Python\Python311\Lib\site-packages\click\termui.py", line 154, in prompt_func
    raise Abort() from None
click.exceptions.Abort

[0m11:04:08.134137 [debug] [MainThread]: Command `dbt init` failed at 11:04:08.133138 after 78998.39 seconds
[0m11:04:08.152898 [debug] [MainThread]: Sending event: {'category': 'dbt', 'action': 'invocation', 'label': 'end', 'context': [<snowplow_tracker.self_describing_json.SelfDescribingJson object at 0x00000205FEBEA350>, <snowplow_tracker.self_describing_json.SelfDescribingJson object at 0x00000205FEB4BA90>, <snowplow_tracker.self_describing_json.SelfDescribingJson object at 0x00000205FEB4BD50>]}
[0m11:04:08.171838 [debug] [MainThread]: Flushing usage events
[0m11:04:10.999071 [debug] [MainThread]: An error was encountered while trying to flush usage events
